<?xml version="1.0" encoding="UTF-8"?>
<testsuite xmlns:xsi="http://www.w3.org/2001/XMLSchema-instance" xsi:noNamespaceSchemaLocation="https://maven.apache.org/surefire/maven-surefire-plugin/xsd/surefire-test-report-3.0.xsd" version="3.0" name="pub.ess.esb.MainTest" time="1.055" tests="4" errors="0" skipped="0" failures="0">
  <properties>
[...]
</properties>
  <testcase name="testSimpleGreet" classname="pub.ess.esb.MainTest" time="0.123">
    <system-out><![CDATA[2025.03.18 22:41:52.118 INFO Logging at runtime configured using /Users/zhaolc/esb/server/target/classes/logging.properties
]]></system-out>
  </testcase>
  <testcase name="testUi" classname="pub.ess.esb.MainTest" time="0.033"/>
  <testcase name="testMetricsObserver" classname="pub.ess.esb.MainTest" time="0.024"/>
  <testcase name="testGreeting" classname="pub.ess.esb.MainTest" time="0.006"/>
</testsuite>